<?xml version="1.0" encoding="UTF-8"?>
<!-- Generated by org.testng.reporters.JUnitReportReporter -->
<testsuite hostname="Ashok" failures="0" tests="3" name="testRunner.TestRunner" time="0.151" errors="0" timestamp="2023-11-29T10:26:44 IST" skipped="0">
  <testcase classname="testRunner.TestRunner" name="runScenario" time="0.008"/>
  <testcase classname="testRunner.TestRunner" name="runScenario" time="0.129"/>
  <testcase classname="testRunner.TestRunner" name="runScenario" time="0.014"/>
</testsuite> <!-- testRunner.TestRunner -->
