<?xml version="1.0" encoding="UTF-8"?>
<!-- Generated by org.testng.reporters.JUnitReportReporter -->
<testsuite hostname="Ashok" failures="0" tests="3" name="testRunner.TestRunner" time="0.129" errors="0" timestamp="2023-11-28T23:23:45 IST" skipped="0">
  <testcase classname="testRunner.TestRunner" name="runScenario" time="0.018"/>
  <testcase classname="testRunner.TestRunner" name="runScenario" time="0.013"/>
  <testcase classname="testRunner.TestRunner" name="runScenario" time="0.098"/>
</testsuite> <!-- testRunner.TestRunner -->
